<?xml version="1.0" encoding="UTF-8"?>
<!-- Generated by org.testng.reporters.JUnitReportReporter -->
<testsuite skipped="0" hostname="INL-B71PWF2" name="com.test.services.TestHerd" tests="3" failures="0" timestamp="19 Dec 2018 09:49:28 GMT" time="0.081" errors="0">
  <testcase name="test_herd_availability" time="0.031" classname="com.test.services.TestHerd"/>
  <testcase name="test_reloadHerd" time="0.023" classname="com.test.services.TestHerd"/>
  <testcase name="test_herd_reset" time="0.027" classname="com.test.services.TestHerd"/>
</testsuite> <!-- com.test.services.TestHerd -->
