<?xml version="1.0" encoding="UTF-8"?>
<!-- Generated by org.testng.reporters.JUnitReportReporter -->
<testsuite skipped="0" hostname="INL-B71PWF2" name="services.Stock" tests="2" failures="0" timestamp="14 Dec 2018 10:38:27 GMT" time="0.125" errors="0">
  <testcase name="checkStock_day_1" time="0.093" classname="services.Stock"/>
  <testcase name="checkStock_day_2" time="0.032" classname="services.Stock"/>
</testsuite> <!-- services.Stock -->
