<?xml version="1.0" encoding="UTF-8"?>
<!-- Generated by org.testng.reporters.JUnitReportReporter -->
<testsuite skipped="0" hostname="INL-B71PWF2" name="services.Herd" tests="3" failures="0" timestamp="14 Dec 2018 10:38:27 GMT" time="0.062" errors="0">
  <testcase name="herd" time="0.031" classname="services.Herd"/>
  <testcase name="reloadHerd" time="0.015" classname="services.Herd"/>
  <testcase name="validateRemainStock" time="0.016" classname="services.Herd"/>
</testsuite> <!-- services.Herd -->
