<?xml version="1.0" encoding="UTF-8"?>
<!-- Generated by org.testng.reporters.JUnitReportReporter -->
<testsuite skipped="0" hostname="INL-B71PWF2" name="services.Order" tests="2" failures="0" timestamp="14 Dec 2018 10:38:27 GMT" time="0.110" errors="0">
  <testcase name="orderPlacing" time="0.094" classname="services.Order"/>
  <testcase name="validateRemainStock" time="0.016" classname="services.Order"/>
</testsuite> <!-- services.Order -->
