<?xml version="1.0" encoding="UTF-8"?>
<!-- Generated by org.testng.reporters.JUnitReportReporter -->
<testsuite skipped="0" hostname="INL-B71PWF2" name="test.YakShop" tests="8" failures="0" timestamp="13 Dec 2018 07:24:30 GMT" time="1.904" errors="0">
  <testcase name="checkServerUP" time="1.668" classname="test.YakShop"/>
  <testcase name="checkStock_day_1" time="0.047" classname="test.YakShop"/>
  <testcase name="checkStock_day_2" time="0.017" classname="test.YakShop"/>
  <testcase name="herd" time="0.032" classname="test.YakShop"/>
  <testcase name="orderPlacing" time="0.047" classname="test.YakShop"/>
  <testcase name="validateRemainStock" time="0.015" classname="test.YakShop"/>
  <testcase name="reloadHerd" time="0.031" classname="test.YakShop"/>
  <testcase name="validateReloadHerd" time="0.047" classname="test.YakShop"/>
</testsuite> <!-- test.YakShop -->
