<?xml version="1.0" encoding="UTF-8"?>
<!-- Generated by org.testng.reporters.JUnitReportReporter -->
<testsuite skipped="0" hostname="INL-B71PWF2" name="services.ServerStatus" tests="1" failures="0" timestamp="14 Dec 2018 10:38:27 GMT" time="1.704" errors="0">
  <testcase name="checkServerUP" time="1.704" classname="services.ServerStatus"/>
</testsuite> <!-- services.ServerStatus -->
