<?xml version="1.0" encoding="UTF-8"?>
<!-- Generated by org.testng.reporters.JUnitReportReporter -->
<testsuite skipped="0" hostname="INL-B71PWF2" name="com.test.services.TestServerStatus" tests="2" failures="0" timestamp="19 Dec 2018 09:49:28 GMT" time="1.666" errors="0">
  <testcase name="test_checkServerUP" time="1.587" classname="com.test.services.TestServerStatus"/>
  <testcase name="test_checkServerUP_withInvalidPath" time="0.079" classname="com.test.services.TestServerStatus"/>
</testsuite> <!-- com.test.services.TestServerStatus -->
