<?xml version="1.0" encoding="UTF-8"?>
<!-- Generated by org.testng.reporters.JUnitReportReporter -->
<testsuite skipped="0" hostname="INL-B71PWF2" name="test.YakShopTest" tests="8" failures="0" timestamp="13 Dec 2018 10:23:42 GMT" time="1.984" errors="0">
  <testcase name="checkServerUP" time="1.776" classname="test.YakShopTest"/>
  <testcase name="checkStock_day_1" time="0.053" classname="test.YakShopTest"/>
  <testcase name="checkStock_day_2" time="0.031" classname="test.YakShopTest"/>
  <testcase name="herd" time="0.029" classname="test.YakShopTest"/>
  <testcase name="orderPlacing" time="0.023" classname="test.YakShopTest"/>
  <testcase name="validateRemainStock" time="0.024" classname="test.YakShopTest"/>
  <testcase name="reloadHerd" time="0.026" classname="test.YakShopTest"/>
  <testcase name="validateReloadHerd" time="0.022" classname="test.YakShopTest"/>
</testsuite> <!-- test.YakShopTest -->
