<?xml version="1.0" encoding="UTF-8"?>
<!-- Generated by org.testng.reporters.JUnitReportReporter -->
<testsuite skipped="0" hostname="INL-B71PWF2" name="com.test.services.TestOrder" tests="5" failures="0" timestamp="19 Dec 2018 09:49:28 GMT" time="0.113" errors="0">
  <testcase name="test_order_milk_day_1" time="0.032" classname="com.test.services.TestOrder"/>
  <testcase name="test_stock_availability_day_1" time="0.022" classname="com.test.services.TestOrder"/>
  <testcase name="test_order_milk_day_2" time="0.014" classname="com.test.services.TestOrder"/>
  <testcase name="test_stock_availability_day_2" time="0.023" classname="com.test.services.TestOrder"/>
  <testcase name="test_stock_reset" time="0.022" classname="com.test.services.TestOrder"/>
</testsuite> <!-- com.test.services.TestOrder -->
