<?xml version="1.0" encoding="UTF-8"?>
<!-- Generated by org.testng.reporters.JUnitReportReporter -->
<testsuite skipped="0" hostname="INL-B71PWF2" name="com.test.services.TestStock" tests="4" failures="0" timestamp="19 Dec 2018 09:49:28 GMT" time="0.316" errors="0">
  <testcase name="test_checkStock_day_1" time="0.101" classname="com.test.services.TestStock"/>
  <testcase name="test_checkStock_day_2" time="0.159" classname="com.test.services.TestStock"/>
  <testcase name="test_stock_reset" time="0.021" classname="com.test.services.TestStock"/>
  <testcase name="test_stock_with_invalid_day" time="0.035" classname="com.test.services.TestStock"/>
</testsuite> <!-- com.test.services.TestStock -->
